Removing compiler version 2021.1.1
Removing tbb version 2021.1.1
Removing compiler-rt version 2021.1.1
Removing dpl version 2021.1.1
Loading compiler version 2021.1.1
Loading tbb version 2021.1.1
Loading debugger version 10.0.0
Loading compiler-rt version 2021.1.1
Loading dpl version 2021.1.1
slurmstepd: error: *** JOB 2214919 ON buddy-01 CANCELLED AT 2023-01-30T22:41:16 ***
forrtl: error (78): process killed (SIGTERM)
Image              PC                Routine            Line        Source             
libifcoremt.so.5   00007FD8EC5DD42C  for__signal_handl     Unknown  Unknown
libpthread-2.17.s  00007FD8E994A630  Unknown               Unknown  Unknown
.nfs000000254ee01  0000000000401485  Unknown               Unknown  Unknown
.nfs000000254ee01  00000000004015A3  Unknown               Unknown  Unknown
.nfs000000254ee01  00000000004015F3  Unknown               Unknown  Unknown
.nfs000000254ee01  000000000040AB7C  MAIN__                    890  macro_Q2_diffuse_into_and_along.f90
.nfs000000254ee01  0000000000401332  Unknown               Unknown  Unknown
libc-2.17.so       00007FD8E938B555  __libc_start_main     Unknown  Unknown
.nfs000000254ee01  0000000000401249  Unknown               Unknown  Unknown
