This is pdfTeX, Version 3.14159265-2.6-1.40.21 (TeX Live 2020) (preloaded format=pdflatex 2020.11.18)  23 SEP 2024 17:07
entering extended mode
 restricted \write18 enabled.
 %&-line parsing enabled.
**lysis.tex
(./lysis.tex
LaTeX2e <2020-10-01> patch level 2
L3 programming layer <2020-10-27> xparse <2020-03-03> (./sphinxmanual.cls
Document Class: sphinxmanual 2019/12/01 v2.3.0 Document class (Sphinx manual)

(/opt/software/texlive/20200406-GCCcore-8.3.0/texmf-dist/tex/latex/base/report.
cls
Document Class: report 2020/04/10 v1.4m Standard LaTeX document class

(/opt/software/texlive/20200406-GCCcore-8.3.0/texmf-dist/tex/latex/base/size10.
clo
File: size10.clo 2020/04/10 v1.4m Standard LaTeX file (size option)
)
\c@part=\count175
\c@chapter=\count176
\c@section=\count177
\c@subsection=\count178
\c@subsubsection=\count179
\c@paragraph=\count180
\c@subparagraph=\count181
\c@figure=\count182
\c@table=\count183
\abovecaptionskip=\skip47
\belowcaptionskip=\skip48
\bibindent=\dimen138
)
LaTeX Info: Redefining \and on input line 35.
)
(/opt/software/texlive/20200406-GCCcore-8.3.0/texmf-dist/tex/latex/base/inputen
c.sty
Package: inputenc 2020/08/01 v1.3d Input encoding file
\inpenc@prehook=\toks15
\inpenc@posthook=\toks16
)
   defining Unicode char U+00A0 (decimal 160)
   defining Unicode char U+2500 (decimal 9472)
   defining Unicode char U+2502 (decimal 9474)
   defining Unicode char U+2514 (decimal 9492)
   defining Unicode char U+251C (decimal 9500)
   defining Unicode char U+2572 (decimal 9586)

(/opt/software/texlive/20200406-GCCcore-8.3.0/texmf-dist/tex/latex/cmap/cmap.st
y
Package: cmap 2008/03/06 v1.0h CMap support: searchable PDF
)
(/opt/software/texlive/20200406-GCCcore-8.3.0/texmf-dist/tex/latex/base/fontenc
.sty
Package: fontenc 2020/08/10 v2.0s Standard LaTeX package
<<t1.cmap>>)
(/opt/software/texlive/20200406-GCCcore-8.3.0/texmf-dist/tex/latex/amsmath/amsm
ath.sty
Package: amsmath 2020/09/23 v2.17i AMS math features
\@mathmargin=\skip49

For additional information on amsmath, use the `?' option.

(/opt/software/texlive/20200406-GCCcore-8.3.0/texmf-dist/tex/latex/amsmath/amst
ext.sty
Package: amstext 2000/06/29 v2.01 AMS text

(/opt/software/texlive/20200406-GCCcore-8.3.0/texmf-dist/tex/latex/amsmath/amsg
en.sty
File: amsgen.sty 1999/11/30 v2.0 generic functions
\@emptytoks=\toks17
\ex@=\dimen139
))
(/opt/software/texlive/20200406-GCCcore-8.3.0/texmf-dist/tex/latex/amsmath/amsb
sy.sty
Package: amsbsy 1999/11/29 v1.2d Bold Symbols
\pmbraise@=\dimen140
)
(/opt/software/texlive/20200406-GCCcore-8.3.0/texmf-dist/tex/latex/amsmath/amso
pn.sty
Package: amsopn 2016/03/08 v2.02 operator names
)
\inf@bad=\count184
LaTeX Info: Redefining \frac on input line 234.
\uproot@=\count185
\leftroot@=\count186
LaTeX Info: Redefining \overline on input line 399.
\classnum@=\count187
\DOTSCASE@=\count188
LaTeX Info: Redefining \ldots on input line 496.
LaTeX Info: Redefining \dots on input line 499.
LaTeX Info: Redefining \cdots on input line 620.
\Mathstrutbox@=\box47
\strutbox@=\box48
\big@size=\dimen141
LaTeX Font Info:    Redeclaring font encoding OML on input line 743.
LaTeX Font Info:    Redeclaring font encoding OMS on input line 744.
\macc@depth=\count189
\c@MaxMatrixCols=\count190
\dotsspace@=\muskip16
\c@parentequation=\count191
\dspbrk@lvl=\count192
\tag@help=\toks18
\row@=\count193
\column@=\count194
\maxfields@=\count195
\andhelp@=\toks19
\eqnshift@=\dimen142
\alignsep@=\dimen143
\tagshift@=\dimen144
\tagwidth@=\dimen145
\totwidth@=\dimen146
\lineht@=\dimen147
\@envbody=\toks20
\multlinegap=\skip50
\multlinetaggap=\skip51
\mathdisplay@stack=\toks21
LaTeX Info: Redefining \[ on input line 2923.
LaTeX Info: Redefining \] on input line 2924.
)
(/opt/software/texlive/20200406-GCCcore-8.3.0/texmf-dist/tex/latex/amsfonts/ams
symb.sty
Package: amssymb 2013/01/14 v3.01 AMS font symbols

(/opt/software/texlive/20200406-GCCcore-8.3.0/texmf-dist/tex/latex/amsfonts/ams
fonts.sty
Package: amsfonts 2013/01/14 v3.01 Basic AMSFonts support
\symAMSa=\mathgroup4
\symAMSb=\mathgroup5
LaTeX Font Info:    Redeclaring math symbol \hbar on input line 98.
LaTeX Font Info:    Overwriting math alphabet `\mathfrak' in version `bold'
(Font)                  U/euf/m/n --> U/euf/b/n on input line 106.
))
(/opt/software/texlive/20200406-GCCcore-8.3.0/texmf-dist/tex/generic/babel/babe
l.sty
Package: babel 2020/10/27 3.51 The Babel package

(/opt/software/texlive/20200406-GCCcore-8.3.0/texmf-dist/tex/generic/babel/babe
l.def
File: babel.def 2020/10/27 3.51 Babel common definitions
\babel@savecnt=\count196
\U@D=\dimen148
\l@babelnohyphens=\language86

(/opt/software/texlive/20200406-GCCcore-8.3.0/texmf-dist/tex/generic/babel/txtb
abel.def)
\bbl@readstream=\read2
)
\bbl@dirlevel=\count197

(/opt/software/texlive/20200406-GCCcore-8.3.0/texmf-dist/tex/generic/babel-engl
ish/english.ldf
Language: english 2017/06/06 v3.3r English support from the babel system
Package babel Info: \l@canadian = using hyphenrules for english
(babel)             (\language0) on input line 102.
Package babel Info: \l@australian = using hyphenrules for ukenglish
(babel)             (\language21) on input line 105.
Package babel Info: \l@newzealand = using hyphenrules for ukenglish
(babel)             (\language21) on input line 108.
))
(/opt/software/texlive/20200406-GCCcore-8.3.0/texmf-dist/tex/latex/tex-gyre/tgt
ermes.sty
Package: tgtermes 2009/09/27 v1.2 TeX Gyre Termes as default roman family

(/opt/software/texlive/20200406-GCCcore-8.3.0/texmf-dist/tex/latex/kvoptions/kv
options.sty
Package: kvoptions 2020-10-07 v3.14 Key value format for package options (HO)

(/opt/software/texlive/20200406-GCCcore-8.3.0/texmf-dist/tex/latex/graphics/key
val.sty
Package: keyval 2014/10/28 v1.15 key=value parser (DPC)
\KV@toks@=\toks22
)
(/opt/software/texlive/20200406-GCCcore-8.3.0/texmf-dist/tex/generic/ltxcmds/lt
xcmds.sty
Package: ltxcmds 2020-05-10 v1.25 LaTeX kernel commands for general use (HO)
)
(/opt/software/texlive/20200406-GCCcore-8.3.0/texmf-dist/tex/generic/kvsetkeys/
kvsetkeys.sty
Package: kvsetkeys 2019/12/15 v1.18 Key value parser (HO)
)))
(/opt/software/texlive/20200406-GCCcore-8.3.0/texmf-dist/tex/latex/tex-gyre/tgh
eros.sty
Package: tgheros 2009/09/27 v1.2 TeX Gyre Heros as default sans serif family
)
(/opt/software/texlive/20200406-GCCcore-8.3.0/texmf-dist/tex/latex/fncychap/fnc
ychap.sty
Package: fncychap 2007/07/30 v1.34 LaTeX package (Revised chapters)
\RW=\skip52
\mylen=\skip53
\myhi=\skip54
\px=\skip55
\py=\skip56
\pyy=\skip57
\pxx=\skip58
\c@AlphaCnt=\count198
\c@AlphaDecCnt=\count199
) (./sphinx.sty
Package: sphinx 2024/07/01 v7.4.0 Sphinx LaTeX package (sphinx-doc)

(/opt/software/texlive/20200406-GCCcore-8.3.0/texmf-dist/tex/latex/xcolor/xcolo
r.sty
Package: xcolor 2016/05/11 v2.12 LaTeX color extensions (UK)

(/opt/software/texlive/20200406-GCCcore-8.3.0/texmf-dist/tex/latex/graphics-cfg
/color.cfg
File: color.cfg 2016/01/02 v1.6 sample color configuration
)
Package xcolor Info: Driver file: pdftex.def on input line 225.

(/opt/software/texlive/20200406-GCCcore-8.3.0/texmf-dist/tex/latex/graphics-def
/pdftex.def
File: pdftex.def 2020/10/05 v1.2a Graphics/color driver for pdftex
)
Package xcolor Info: Model `cmy' substituted by `cmy0' on input line 1348.
Package xcolor Info: Model `hsb' substituted by `rgb' on input line 1352.
Package xcolor Info: Model `RGB' extended on input line 1364.
Package xcolor Info: Model `HTML' substituted by `rgb' on input line 1366.
Package xcolor Info: Model `Hsb' substituted by `hsb' on input line 1367.
Package xcolor Info: Model `tHsb' substituted by `hsb' on input line 1368.
Package xcolor Info: Model `HSB' substituted by `hsb' on input line 1369.
Package xcolor Info: Model `Gray' substituted by `gray' on input line 1370.
Package xcolor Info: Model `wave' substituted by `hsb' on input line 1371.
) (./sphinxoptionshyperref.sty
File: sphinxoptionshyperref.sty 2021/01/27 hyperref
) (./sphinxoptionsgeometry.sty
File: sphinxoptionsgeometry.sty 2021/01/27 geometry
)
(/opt/software/texlive/20200406-GCCcore-8.3.0/texmf-dist/tex/latex/base/textcom
p.sty
Package: textcomp 2020/02/02 v2.0n Standard LaTeX package
)
(/opt/software/texlive/20200406-GCCcore-8.3.0/texmf-dist/tex/latex/float/float.
sty
Package: float 2001/11/08 v1.3d Float enhancements (AL)
\c@float@type=\count266
\float@exts=\toks23
\float@box=\box49
\@float@everytoks=\toks24
\@floatcapt=\box50
)
(/opt/software/texlive/20200406-GCCcore-8.3.0/texmf-dist/tex/latex/wrapfig/wrap
fig.sty
\wrapoverhang=\dimen149
\WF@size=\dimen150
\c@WF@wrappedlines=\count267
\WF@box=\box51
\WF@everypar=\toks25
Package: wrapfig 2003/01/31  v 3.6
)
(/opt/software/texlive/20200406-GCCcore-8.3.0/texmf-dist/tex/latex/capt-of/capt
-of.sty
Package: capt-of 2009/12/29 v0.2 standard captions outside of floats
)
(/opt/software/texlive/20200406-GCCcore-8.3.0/texmf-dist/tex/latex/tools/multic
ol.sty
Package: multicol 2019/12/09 v1.8y multicolumn formatting (FMi)
\c@tracingmulticols=\count268
\mult@box=\box52
\multicol@leftmargin=\dimen151
\c@unbalance=\count269
\c@collectmore=\count270
\doublecol@number=\count271
\multicoltolerance=\count272
\multicolpretolerance=\count273
\full@width=\dimen152
\page@free=\dimen153
\premulticols=\dimen154
\postmulticols=\dimen155
\multicolsep=\skip59
\multicolbaselineskip=\skip60
\partial@page=\box53
\last@line=\box54
\maxbalancingoverflow=\dimen156
\mult@rightbox=\box55
\mult@grightbox=\box56
\mult@gfirstbox=\box57
\mult@firstbox=\box58
\@tempa=\box59
\@tempa=\box60
\@tempa=\box61
\@tempa=\box62
\@tempa=\box63
\@tempa=\box64
\@tempa=\box65
\@tempa=\box66
\@tempa=\box67
\@tempa=\box68
\@tempa=\box69
\@tempa=\box70
\@tempa=\box71
\@tempa=\box72
\@tempa=\box73
\@tempa=\box74
\@tempa=\box75
\@tempa=\box76
\@tempa=\box77
\@tempa=\box78
\@tempa=\box79
\@tempa=\box80
\@tempa=\box81
\@tempa=\box82
\@tempa=\box83
\@tempa=\box84
\@tempa=\box85
\@tempa=\box86
\@tempa=\box87
\@tempa=\box88
\@tempa=\box89
\@tempa=\box90
\@tempa=\box91
\@tempa=\box92
\@tempa=\box93
\@tempa=\box94
\@tempa=\box95
\c@minrows=\count274
\c@columnbadness=\count275
\c@finalcolumnbadness=\count276
\last@try=\dimen157
\multicolovershoot=\dimen158
\multicolundershoot=\dimen159
\mult@nat@firstbox=\box96
\colbreak@box=\box97
\mc@col@check@num=\count277
)
(/opt/software/texlive/20200406-GCCcore-8.3.0/texmf-dist/tex/latex/graphics/gra
phicx.sty
Package: graphicx 2020/09/09 v1.2b Enhanced LaTeX Graphics (DPC,SPQR)

(/opt/software/texlive/20200406-GCCcore-8.3.0/texmf-dist/tex/latex/graphics/gra
phics.sty
Package: graphics 2020/08/30 v1.4c Standard LaTeX Graphics (DPC,SPQR)

(/opt/software/texlive/20200406-GCCcore-8.3.0/texmf-dist/tex/latex/graphics/tri
g.sty
Package: trig 2016/01/03 v1.10 sin cos tan (DPC)
)
(/opt/software/texlive/20200406-GCCcore-8.3.0/texmf-dist/tex/latex/graphics-cfg
/graphics.cfg
File: graphics.cfg 2016/06/04 v1.11 sample graphics configuration
)
Package graphics Info: Driver file: pdftex.def on input line 105.
)
\Gin@req@height=\dimen160
\Gin@req@width=\dimen161
) (./sphinxlatexgraphics.sty
File: sphinxlatexgraphics.sty 2021/01/27 graphics
\spx@image@maxheight=\dimen162
\spx@image@box=\box98
) (./sphinxpackageboxes.sty
Package: sphinxpackageboxes 2024/07/01 v7.4.0 advanced colored boxes

(/opt/software/texlive/20200406-GCCcore-8.3.0/texmf-dist/tex/latex/pict2e/pict2
e.sty
Package: pict2e 2020/09/30 v0.4b Improved picture commands (HjG,RN,JT)

(/opt/software/texlive/20200406-GCCcore-8.3.0/texmf-dist/tex/latex/pict2e/pict2
e.cfg
File: pict2e.cfg 2016/02/05 v0.1u pict2e configuration for teTeX/TeXLive
)
Package pict2e Info: Driver file: pdftex.def on input line 112.
Package pict2e Info: Driver file for pict2e: p2e-pdftex.def on input line 114.

(/opt/software/texlive/20200406-GCCcore-8.3.0/texmf-dist/tex/latex/pict2e/p2e-p
dftex.def
File: p2e-pdftex.def 2016/02/05 v0.1u Driver-dependant file (RN,HjG,JT)
)
\pIIe@GRAPH=\toks26
\@arclen=\dimen163
\@arcrad=\dimen164
\pIIe@tempdima=\dimen165
\pIIe@tempdimb=\dimen166
\pIIe@tempdimc=\dimen167
\pIIe@tempdimd=\dimen168
\pIIe@tempdime=\dimen169
\pIIe@tempdimf=\dimen170
)
(/opt/software/texlive/20200406-GCCcore-8.3.0/texmf-dist/tex/latex/ellipse/elli
pse.sty
Package: ellipse 2004/11/05 v1.0 .dtx ellipse file
)
\@tempdimd=\dimen171
\spx@tempboxa=\box99
\spx@tempboxb=\box100
\spx@boxes@border@top=\dimen172
\spx@boxes@border@right=\dimen173
\spx@boxes@border@bottom=\dimen174
\spx@boxes@border@left=\dimen175
\spx@boxes@padding@top=\dimen176
\spx@boxes@padding@right=\dimen177
\spx@boxes@padding@bottom=\dimen178
\spx@boxes@padding@left=\dimen179
\spx@boxes@shadow@xoffset=\dimen180
\spx@boxes@shadow@yoffset=\dimen181
\spx@boxes@radius@topleft@x=\dimen182
\spx@boxes@radius@topright@x=\dimen183
\spx@boxes@radius@bottomright@x=\dimen184
\spx@boxes@radius@bottomleft@x=\dimen185
\spx@boxes@radius@topleft@y=\dimen186
\spx@boxes@radius@topright@y=\dimen187
\spx@boxes@radius@bottomright@y=\dimen188
\spx@boxes@radius@bottomleft@y=\dimen189
) (./sphinxlatexadmonitions.sty
File: sphinxlatexadmonitions.sty 2024/07/01 v7.4.0 admonitions

(/opt/software/texlive/20200406-GCCcore-8.3.0/texmf-dist/tex/latex/framed/frame
d.sty
Package: framed 2011/10/22 v 0.96: framed or shaded text with page breaks
\OuterFrameSep=\skip61
\fb@frw=\dimen190
\fb@frh=\dimen191
\FrameRule=\dimen192
\FrameSep=\dimen193
)
\spx@notice@border=\dimen194
\c@sphinxtodo=\count278
) (./sphinxlatexliterals.sty
File: sphinxlatexliterals.sty 2024/07/01 v7.4.0 code-blocks and parsed literals


(/opt/software/texlive/20200406-GCCcore-8.3.0/texmf-dist/tex/latex/fancyvrb/fan
cyvrb.sty
Package: fancyvrb 2020/05/03 v3.6 verbatim text (tvz,hv)
\FV@CodeLineNo=\count279
\FV@InFile=\read3
\FV@TabBox=\box101
\c@FancyVerbLine=\count280
\FV@StepNumber=\count281
\FV@OutFile=\write3
)
(/opt/software/texlive/20200406-GCCcore-8.3.0/texmf-dist/tex/latex/base/alltt.s
ty
Package: alltt 1997/06/16 v2.0g defines alltt environment
)
(/opt/software/texlive/20200406-GCCcore-8.3.0/texmf-dist/tex/latex/upquote/upqu
ote.sty
Package: upquote 2012/04/19 v1.3 upright-quote and grave-accent glyphs in verba
tim
)
(/opt/software/texlive/20200406-GCCcore-8.3.0/texmf-dist/tex/latex/needspace/ne
edspace.sty
Package: needspace 2010/09/12 v1.3d reserve vertical space
)
\sphinxcontinuationbox=\box102
\sphinxvisiblespacebox=\box103
\sphinxVerbatim@TitleBox=\box104
\sphinxVerbatim@ContentsBox=\box105
) (./sphinxlatexshadowbox.sty
File: sphinxlatexshadowbox.sty 2023/03/19 sphinxShadowBox
) (./sphinxlatexcontainers.sty
File: sphinxlatexcontainers.sty 2021/05/03 containers
)
(./sphinxhighlight.sty
Package: sphinxhighlight 2022/06/30 stylesheet for highlighting with pygments
) (./sphinxlatextables.sty
File: sphinxlatextables.sty 2024/07/01 v7.4.0 tables

(/opt/software/texlive/20200406-GCCcore-8.3.0/texmf-dist/tex/latex/tabulary/tab
ulary.sty
Package: tabulary 2014/06/11 v0.10 tabulary package (DPC)

(/opt/software/texlive/20200406-GCCcore-8.3.0/texmf-dist/tex/latex/tools/array.
sty
Package: array 2020/10/01 v2.5c Tabular extension package (FMi)
\col@sep=\dimen195
\ar@mcellbox=\box106
\extrarowheight=\dimen196
\NC@list=\toks27
\extratabsurround=\skip62
\backup@length=\skip63
\ar@cellbox=\box107
)
\TY@count=\count282
\TY@linewidth=\dimen197
\tymin=\dimen198
\tymax=\dimen199
\TY@tablewidth=\dimen256
)
(/opt/software/texlive/20200406-GCCcore-8.3.0/texmf-dist/tex/latex/tools/longta
ble.sty
Package: longtable 2020/01/07 v4.13 Multi-page Table package (DPC)
\LTleft=\skip64
\LTright=\skip65
\LTpre=\skip66
\LTpost=\skip67
\LTchunksize=\count283
\LTcapwidth=\dimen257
\LT@head=\box108
\LT@firsthead=\box109
\LT@foot=\box110
\LT@lastfoot=\box111
\LT@cols=\count284
\LT@rows=\count285
\c@LT@tables=\count286
\c@LT@chunks=\count287
\LT@p@ftn=\toks28
)
(/opt/software/texlive/20200406-GCCcore-8.3.0/texmf-dist/tex/latex/varwidth/var
width.sty
Package: varwidth 2009/03/30 ver 0.92;  Variable-width minipages
\@vwid@box=\box112
\sift@deathcycles=\count288
\@vwid@loff=\dimen258
\@vwid@roff=\dimen259
)
\sphinx@TY@tablewidth=\dimen260

(/opt/software/texlive/20200406-GCCcore-8.3.0/texmf-dist/tex/latex/colortbl/col
ortbl.sty
Package: colortbl 2020/01/04 v1.0e Color table columns (DPC)
\everycr=\toks29
\minrowclearance=\skip68
)
\rownum=\count289

(/opt/software/texlive/20200406-GCCcore-8.3.0/texmf-dist/tex/latex/booktabs/boo
ktabs.sty
Package: booktabs 2020/01/12 v1.61803398 Publication quality tables
\heavyrulewidth=\dimen261
\lightrulewidth=\dimen262
\cmidrulewidth=\dimen263
\belowrulesep=\dimen264
\belowbottomsep=\dimen265
\aboverulesep=\dimen266
\abovetopsep=\dimen267
\cmidrulesep=\dimen268
\cmidrulekern=\dimen269
\defaultaddspace=\dimen270
\@cmidla=\count290
\@cmidlb=\count291
\@aboverulesep=\dimen271
\@belowrulesep=\dimen272
\@thisruleclass=\count292
\@lastruleclass=\count293
\@thisrulewidth=\dimen273
)) (./sphinxlatexnumfig.sty
File: sphinxlatexnumfig.sty 2021/01/27 numbering
) (./sphinxlatexlists.sty
File: sphinxlatexlists.sty 2021/12/20 lists
\spx@lineitemlabel=\toks30
)
\c@sphinxscope=\count294

(./sphinxpackagefootnote.sty
Package: sphinxpackagefootnote 2024/05/17 v7.3.x Sphinx custom footnotehyper pa
ckage (Sphinx team)
\FNH@notes=\box113
\FNH@toks=\toks31
\FNH@width=\dimen274
\c@sphinxfootnotemark=\count295
) (./sphinxlatexindbibtoc.sty
File: sphinxlatexindbibtoc.sty 2021/01/27 index, bib., toc

(/opt/software/texlive/20200406-GCCcore-8.3.0/texmf-dist/tex/latex/base/makeidx
.sty
Package: makeidx 2014/09/29 v1.0m Standard LaTeX package
)) (./sphinxlatexstylepage.sty
File: sphinxlatexstylepage.sty 2021/01/27 page styling

(/opt/software/texlive/20200406-GCCcore-8.3.0/texmf-dist/tex/latex/parskip/pars
kip.sty
Rollback for package 'parskip' requested -> version 'v1'.
         This corresponds to the release introduced on 2001-04-09.

(/opt/software/texlive/20200406-GCCcore-8.3.0/texmf-dist/tex/latex/parskip/pars
kip-2001-04-09.sty
Package: parskip 2001/04/09 non-zero parskip adjustments
))
(/opt/software/texlive/20200406-GCCcore-8.3.0/texmf-dist/tex/latex/fancyhdr/fan
cyhdr.sty
Package: fancyhdr 2019/01/31 v3.10 Extensive control of page headers and footer
s
\f@nch@headwidth=\skip69
\f@nch@O@elh=\skip70
\f@nch@O@erh=\skip71
\f@nch@O@olh=\skip72
\f@nch@O@orh=\skip73
\f@nch@O@elf=\skip74
\f@nch@O@erf=\skip75
\f@nch@O@olf=\skip76
\f@nch@O@orf=\skip77
)) (./sphinxlatexstyleheadings.sty
File: sphinxlatexstyleheadings.sty 2023/02/11 headings

(/opt/software/texlive/20200406-GCCcore-8.3.0/texmf-dist/tex/latex/titlesec/tit
lesec.sty
Package: titlesec 2019/10/16 v2.13 Sectioning titles
\ttl@box=\box114
\beforetitleunit=\skip78
\aftertitleunit=\skip79
\ttl@plus=\dimen275
\ttl@minus=\dimen276
\ttl@toksa=\toks32
\titlewidth=\dimen277
\titlewidthlast=\dimen278
\titlewidthfirst=\dimen279
)) (./sphinxlatexstyletext.sty
File: sphinxlatexstyletext.sty 2024/07/01 v7.4.0 text styling
) (./sphinxlatexobjects.sty
File: sphinxlatexobjects.sty 2023/07/23 documentation environments
\sphinxsignaturesep=\skip80
\sphinxsignaturelistskip=\skip81
\py@argswidth=\skip82
\lineblockindentation=\skip83
\DUlineblockindent=\skip84
))
(/opt/software/texlive/20200406-GCCcore-8.3.0/texmf-dist/tex/latex/geometry/geo
metry.sty
Package: geometry 2020/01/02 v5.9 Page Geometry

(/opt/software/texlive/20200406-GCCcore-8.3.0/texmf-dist/tex/generic/iftex/ifvt
ex.sty
Package: ifvtex 2019/10/25 v1.7 ifvtex legacy package. Use iftex instead.

(/opt/software/texlive/20200406-GCCcore-8.3.0/texmf-dist/tex/generic/iftex/ifte
x.sty
Package: iftex 2020/03/06 v1.0d TeX engine tests
))
\Gm@cnth=\count296
\Gm@cntv=\count297
\c@Gm@tempcnt=\count298
\Gm@bindingoffset=\dimen280
\Gm@wd@mp=\dimen281
\Gm@odd@mp=\dimen282
\Gm@even@mp=\dimen283
\Gm@layoutwidth=\dimen284
\Gm@layoutheight=\dimen285
\Gm@layouthoffset=\dimen286
\Gm@layoutvoffset=\dimen287
\Gm@dimlist=\toks33
)
(/opt/software/texlive/20200406-GCCcore-8.3.0/texmf-dist/tex/latex/hyperref/hyp
erref.sty
Package: hyperref 2020-05-15 v7.00e Hypertext links for LaTeX

(/opt/software/texlive/20200406-GCCcore-8.3.0/texmf-dist/tex/generic/pdftexcmds
/pdftexcmds.sty
Package: pdftexcmds 2020-06-27 v0.33 Utility functions of pdfTeX for LuaTeX (HO
)

(/opt/software/texlive/20200406-GCCcore-8.3.0/texmf-dist/tex/generic/infwarerr/
infwarerr.sty
Package: infwarerr 2019/12/03 v1.5 Providing info/warning/error messages (HO)
)
Package pdftexcmds Info: \pdf@primitive is available.
Package pdftexcmds Info: \pdf@ifprimitive is available.
Package pdftexcmds Info: \pdfdraftmode found.
)
(/opt/software/texlive/20200406-GCCcore-8.3.0/texmf-dist/tex/generic/kvdefineke
ys/kvdefinekeys.sty
Package: kvdefinekeys 2019-12-19 v1.6 Define keys (HO)
)
(/opt/software/texlive/20200406-GCCcore-8.3.0/texmf-dist/tex/generic/pdfescape/
pdfescape.sty
Package: pdfescape 2019/12/09 v1.15 Implements pdfTeX's escape features (HO)
)
(/opt/software/texlive/20200406-GCCcore-8.3.0/texmf-dist/tex/latex/hycolor/hyco
lor.sty
Package: hycolor 2020-01-27 v1.10 Color options for hyperref/bookmark (HO)
)
(/opt/software/texlive/20200406-GCCcore-8.3.0/texmf-dist/tex/latex/letltxmacro/
letltxmacro.sty
Package: letltxmacro 2019/12/03 v1.6 Let assignment for LaTeX macros (HO)
)
(/opt/software/texlive/20200406-GCCcore-8.3.0/texmf-dist/tex/latex/auxhook/auxh
ook.sty
Package: auxhook 2019-12-17 v1.6 Hooks for auxiliary files (HO)
)
\@linkdim=\dimen288
\Hy@linkcounter=\count299
\Hy@pagecounter=\count300

(/opt/software/texlive/20200406-GCCcore-8.3.0/texmf-dist/tex/latex/hyperref/pd1
enc.def
File: pd1enc.def 2020-05-15 v7.00e Hyperref: PDFDocEncoding definition (HO)
Now handling font encoding PD1 ...
... no UTF-8 mapping file for font encoding PD1
)
(/opt/software/texlive/20200406-GCCcore-8.3.0/texmf-dist/tex/generic/intcalc/in
tcalc.sty
Package: intcalc 2019/12/15 v1.3 Expandable calculations with integers (HO)
)
(/opt/software/texlive/20200406-GCCcore-8.3.0/texmf-dist/tex/generic/etexcmds/e
texcmds.sty
Package: etexcmds 2019/12/15 v1.7 Avoid name clashes with e-TeX commands (HO)
)
\Hy@SavedSpaceFactor=\count301
Package hyperref Info: Option `unicode' set `true' on input line 4338.

(/opt/software/texlive/20200406-GCCcore-8.3.0/texmf-dist/tex/latex/hyperref/pue
nc.def
File: puenc.def 2020-05-15 v7.00e Hyperref: PDF Unicode definition (HO)
Now handling font encoding PU ...
... no UTF-8 mapping file for font encoding PU
)
Package hyperref Info: Option `colorlinks' set `true' on input line 4338.
Package hyperref Info: Option `breaklinks' set `true' on input line 4338.
Package hyperref Info: Hyper figures OFF on input line 4464.
Package hyperref Info: Link nesting OFF on input line 4469.
Package hyperref Info: Hyper index ON on input line 4472.
Package hyperref Info: Plain pages OFF on input line 4479.
Package hyperref Info: Backreferencing OFF on input line 4484.
Package hyperref Info: Implicit mode ON; LaTeX internals redefined.
Package hyperref Info: Bookmarks ON on input line 4717.
\c@Hy@tempcnt=\count302

(/opt/software/texlive/20200406-GCCcore-8.3.0/texmf-dist/tex/latex/url/url.sty
\Urlmuskip=\muskip17
Package: url 2013/09/16  ver 3.4  Verb mode for urls, etc.
)
LaTeX Info: Redefining \url on input line 5076.
\XeTeXLinkMargin=\dimen289

(/opt/software/texlive/20200406-GCCcore-8.3.0/texmf-dist/tex/generic/bitset/bit
set.sty
Package: bitset 2019/12/09 v1.3 Handle bit-vector datatype (HO)

(/opt/software/texlive/20200406-GCCcore-8.3.0/texmf-dist/tex/generic/bigintcalc
/bigintcalc.sty
Package: bigintcalc 2019/12/15 v1.5 Expandable calculations on big integers (HO
)
))
\Fld@menulength=\count303
\Field@Width=\dimen290
\Fld@charsize=\dimen291
Package hyperref Info: Hyper figures OFF on input line 6347.
Package hyperref Info: Link nesting OFF on input line 6352.
Package hyperref Info: Hyper index ON on input line 6355.
Package hyperref Info: backreferencing OFF on input line 6362.
Package hyperref Info: Link coloring ON on input line 6365.
Package hyperref Info: Link coloring with OCG OFF on input line 6372.
Package hyperref Info: PDF/A mode OFF on input line 6377.
LaTeX Info: Redefining \ref on input line 6417.
LaTeX Info: Redefining \pageref on input line 6421.

(/opt/software/texlive/20200406-GCCcore-8.3.0/texmf-dist/tex/latex/base/atbegsh
i-ltx.sty
Package: atbegshi-ltx 2020/08/17 v1.0a Emulation of the original atbegshi packa
ge
with kernel methods
)
\Hy@abspage=\count304
\c@Item=\count305
\c@Hfootnote=\count306
)
Package hyperref Info: Driver (autodetected): hpdftex.

(/opt/software/texlive/20200406-GCCcore-8.3.0/texmf-dist/tex/latex/hyperref/hpd
ftex.def
File: hpdftex.def 2020-05-15 v7.00e Hyperref driver for pdfTeX

(/opt/software/texlive/20200406-GCCcore-8.3.0/texmf-dist/tex/latex/base/atverye
nd-ltx.sty
Package: atveryend-ltx 2020/08/19 v1.0a Emulation of the original atvery packag
e
with kernel methods
)
\Fld@listcount=\count307
\c@bookmark@seq@number=\count308

(/opt/software/texlive/20200406-GCCcore-8.3.0/texmf-dist/tex/latex/rerunfileche
ck/rerunfilecheck.sty
Package: rerunfilecheck 2019/12/05 v1.9 Rerun checks for auxiliary files (HO)

(/opt/software/texlive/20200406-GCCcore-8.3.0/texmf-dist/tex/generic/uniquecoun
ter/uniquecounter.sty
Package: uniquecounter 2019/12/15 v1.4 Provide unlimited unique counter (HO)
)
Package uniquecounter Info: New unique counter `rerunfilecheck' on input line 2
86.
)
\Hy@SectionHShift=\skip85
)
(/opt/software/texlive/20200406-GCCcore-8.3.0/texmf-dist/tex/latex/oberdiek/hyp
cap.sty
Package: hypcap 2016/05/16 v1.12 Adjusting the anchors of captions (HO)
) (./sphinxmessages.sty
Package: sphinxmessages 2019/01/04 v2.0 Localized LaTeX macros (Sphinx team)
)
\@indexfile=\write4
\openout4 = `lysis.idx'.


Writing index file lysis.idx
LaTeX Font Info:    Trying to load font information for T1+qtm on input line 73
.

(/opt/software/texlive/20200406-GCCcore-8.3.0/texmf-dist/tex/latex/tex-gyre/t1q
tm.fd
File: t1qtm.fd 2009/09/25 v1.2 font definition file for T1/qtm
)
(/opt/software/texlive/20200406-GCCcore-8.3.0/texmf-dist/tex/latex/l3backend/l3
backend-pdftex.def
File: l3backend-pdftex.def 2020-09-24 L3 backend support: PDF output (pdfTeX)
\l__kernel_color_stack_int=\count309
\l__pdf_internal_box=\box115
) (./lysis.aux)
\openout1 = `lysis.aux'.

LaTeX Font Info:    Checking defaults for OML/cmm/m/it on input line 73.
LaTeX Font Info:    ... okay on input line 73.
LaTeX Font Info:    Checking defaults for OMS/cmsy/m/n on input line 73.
LaTeX Font Info:    ... okay on input line 73.
LaTeX Font Info:    Checking defaults for OT1/cmr/m/n on input line 73.
LaTeX Font Info:    ... okay on input line 73.
LaTeX Font Info:    Checking defaults for T1/cmr/m/n on input line 73.
LaTeX Font Info:    ... okay on input line 73.
LaTeX Font Info:    Checking defaults for TS1/cmr/m/n on input line 73.
LaTeX Font Info:    ... okay on input line 73.
LaTeX Font Info:    Checking defaults for OMX/cmex/m/n on input line 73.
LaTeX Font Info:    ... okay on input line 73.
LaTeX Font Info:    Checking defaults for U/cmr/m/n on input line 73.
LaTeX Font Info:    ... okay on input line 73.
LaTeX Font Info:    Checking defaults for PD1/pdf/m/n on input line 73.
LaTeX Font Info:    ... okay on input line 73.
LaTeX Font Info:    Checking defaults for PU/pdf/m/n on input line 73.
LaTeX Font Info:    ... okay on input line 73.

(/opt/software/texlive/20200406-GCCcore-8.3.0/texmf-dist/tex/context/base/mkii/
supp-pdf.mkii
[Loading MPS to PDF converter (version 2006.09.02).]
\scratchcounter=\count310
\scratchdimen=\dimen292
\scratchbox=\box116
\nofMPsegments=\count311
\nofMParguments=\count312
\everyMPshowfont=\toks34
\MPscratchCnt=\count313
\MPscratchDim=\dimen293
\MPnumerator=\count314
\makeMPintoPDFobject=\count315
\everyMPtoPDFconversion=\toks35
)
(/opt/software/texlive/20200406-GCCcore-8.3.0/texmf-dist/tex/latex/epstopdf-pkg
/epstopdf-base.sty
Package: epstopdf-base 2020-01-24 v2.11 Base part for package epstopdf
Package epstopdf-base Info: Redefining graphics rule for `.eps' on input line 4
85.

(/opt/software/texlive/20200406-GCCcore-8.3.0/texmf-dist/tex/latex/latexconfig/
epstopdf-sys.cfg
File: epstopdf-sys.cfg 2010/07/13 v1.3 Configuration of (r)epstopdf for TeX Liv
e
))
(/opt/software/texlive/20200406-GCCcore-8.3.0/texmf-dist/tex/latex/fontawesome5
/fontawesome5.sty
(/opt/software/texlive/20200406-GCCcore-8.3.0/texmf-dist/tex/latex/l3kernel/exp
l3.sty
Package: expl3 2020-10-27 L3 programming layer (loader) 
)
Package: fontawesome5 2020/03/24 v5.13.0 Font Awesome 5

(/opt/software/texlive/20200406-GCCcore-8.3.0/texmf-dist/tex/latex/l3packages/l
3keys2e/l3keys2e.sty
Package: l3keys2e 2020-10-27 LaTeX2e option processing using LaTeX3 keys
)
(/opt/software/texlive/20200406-GCCcore-8.3.0/texmf-dist/tex/latex/l3packages/x
parse/xparse.sty
Package: xparse 2020-10-27 L3 Experimental document command parser

(/opt/software/texlive/20200406-GCCcore-8.3.0/texmf-dist/tex/latex/l3packages/x
parse/xparse-generic.tex))
(/opt/software/texlive/20200406-GCCcore-8.3.0/texmf-dist/tex/latex/fontawesome5
/fontawesome5-generic-helper.sty
Package: fontawesome5-generic-helper 2020/03/24 v5.13.0 non-uTeX helper for fon
tawesome5

(/opt/software/texlive/20200406-GCCcore-8.3.0/texmf-dist/tex/latex/fontawesome5
/fontawesome5-mapping.def)))
\c@literalblock=\count316

*geometry* driver: auto-detecting
*geometry* detected driver: pdftex
*geometry* verbose mode - [ preamble ] result:
* driver: pdftex
* paper: letterpaper
* layout: <same size as paper>
* layoutoffset:(h,v)=(0.0pt,0.0pt)
* modes: twoside 
* h-part:(L,W,R)=(72.26999pt, 469.75502pt, 72.26999pt)
* v-part:(T,H,B)=(72.26999pt, 650.43001pt, 72.26999pt)
* \paperwidth=614.295pt
* \paperheight=794.96999pt
* \textwidth=469.75502pt
* \textheight=650.43001pt
* \oddsidemargin=0.0pt
* \evensidemargin=0.0pt
* \topmargin=-37.0pt
* \headheight=12.0pt
* \headsep=25.0pt
* \topskip=10.0pt
* \footskip=30.0pt
* \marginparwidth=36.135pt
* \marginparsep=11.0pt
* \columnsep=10.0pt
* \skip\footins=9.0pt plus 4.0pt minus 2.0pt
* \hoffset=0.0pt
* \voffset=0.0pt
* \mag=1000
* \@twocolumnfalse
* \@twosidetrue
* \@mparswitchtrue
* \@reversemarginfalse
* (1in=72.27pt=25.4mm, 1cm=28.453pt)

Package hyperref Info: Link coloring ON on input line 73.

(/opt/software/texlive/20200406-GCCcore-8.3.0/texmf-dist/tex/latex/hyperref/nam
eref.sty
Package: nameref 2019/09/16 v2.46 Cross-referencing by name of section

(/opt/software/texlive/20200406-GCCcore-8.3.0/texmf-dist/tex/latex/refcount/ref
count.sty
Package: refcount 2019/12/15 v3.6 Data extraction from label references (HO)
)
(/opt/software/texlive/20200406-GCCcore-8.3.0/texmf-dist/tex/generic/gettitlest
ring/gettitlestring.sty
Package: gettitlestring 2019/12/15 v1.6 Cleanup title references (HO)
)
\c@section@level=\count317
)
LaTeX Info: Redefining \ref on input line 73.
LaTeX Info: Redefining \pageref on input line 73.
LaTeX Info: Redefining \nameref on input line 73.
 (./lysis.out) (./lysis.out)
\@outlinefile=\write5
\openout5 = `lysis.out'.

Package hyperref Info: Option `pageanchor' set `false' on input line 81.
LaTeX Font Info:    Trying to load font information for T1+qhv on input line 81
.

(/opt/software/texlive/20200406-GCCcore-8.3.0/texmf-dist/tex/latex/tex-gyre/t1q
hv.fd
File: t1qhv.fd 2009/09/25 v1.2 font definition file for T1/qhv
)<<ot1.cmap>><<oml.cmap>><<oms.cmap>><<omx.cmap>>
LaTeX Font Info:    Trying to load font information for U+msa on input line 81.


(/opt/software/texlive/20200406-GCCcore-8.3.0/texmf-dist/tex/latex/amsfonts/ums
a.fd
File: umsa.fd 2013/01/14 v3.01 AMS symbols A
)
LaTeX Font Info:    Trying to load font information for U+msb on input line 81.


(/opt/software/texlive/20200406-GCCcore-8.3.0/texmf-dist/tex/latex/amsfonts/ums
b.fd
File: umsb.fd 2013/01/14 v3.01 AMS symbols B
)
Overfull \hbox (169.14163pt too wide) in paragraph at lines 81--81
 [][]
 []

[1

{/opt/software/texlive/20200406-GCCcore-8.3.0/texmf-var/fonts/map/pdftex/updmap
/pdftex.map}] [2


] (./lysis.toc)
\tf@toc=\write6
\openout6 = `lysis.toc'.

 [1

] [2

]
Chapter 1.
LaTeX Font Info:    Trying to load font information for T1+txtt on input line 1
16.

(/opt/software/texlive/20200406-GCCcore-8.3.0/texmf-dist/tex/latex/txfonts/t1tx
tt.fd
File: t1txtt.fd 2000/12/15 v3.1
)
LaTeX Font Info:    Font shape `T1/txtt/b/n' in size <10> not available
(Font)              Font shape `T1/txtt/bx/n' tried instead on input line 116.
 [1

] [2]
LaTeX Font Info:    Trying to load font information for TS1+qtm on input line 6
31.

(/opt/software/texlive/20200406-GCCcore-8.3.0/texmf-dist/tex/latex/tex-gyre/ts1
qtm.fd
File: ts1qtm.fd 2009/09/25 v1.2 font definition file for TS1/qtm
) [3]
LaTeX Font Info:    Font shape `T1/txtt/m/it' in size <10> not available
(Font)              Font shape `T1/txtt/m/sl' tried instead on input line 808.
LaTeX Font Info:    Trying to load font information for TS1+txtt on input line 
809.

(/opt/software/texlive/20200406-GCCcore-8.3.0/texmf-dist/tex/latex/txfonts/ts1t
xtt.fd
File: ts1txtt.fd 2000/12/15 v3.1
) [4] [5] [6]
LaTeX Font Info:    Font shape `TS1/txtt/b/n' in size <10> not available
(Font)              Font shape `TS1/txtt/bx/n' tried instead on input line 1.
 [7] [8] [9] [10] [11] [12] [13] [14] [15] [16] [17]
[18

]
Chapter 2.
[19] [20

] [21


] (./lysis.ind [22


]
Underfull \hbox (badness 10000) in paragraph at lines 8--10
[]\T1/txtt/m/n/10 activation_rate_PLG \T1/qtm/m/n/10 (\T1/qtm/m/it/10 ly-
 []


Underfull \hbox (badness 10000) in paragraph at lines 12--14
[]\T1/txtt/m/n/10 average_bound_time \T1/qtm/m/n/10 (\T1/qtm/m/it/10 ly-
 []


Underfull \hbox (badness 10000) in paragraph at lines 24--26
[]\T1/txtt/m/n/10 BINDING_TIME_WHEN_MOVING \T1/qtm/m/n/10 (\T1/qtm/m/it/10 ly-
 []


Underfull \hbox (badness 10000) in paragraph at lines 24--26
\T1/qtm/m/it/10 sis.util.constants.RandomDraw at-tribute\T1/qtm/m/n/10 ),
 []


Underfull \hbox (badness 10000) in paragraph at lines 26--28
[]\T1/txtt/m/n/10 BINDING_TIME_WHEN_UNBINDING \T1/qtm/m/n/10 (\T1/qtm/m/it/10 l
y-
 []


Underfull \hbox (badness 10000) in paragraph at lines 26--28
\T1/qtm/m/it/10 sis.util.constants.RandomDraw at-tribute\T1/qtm/m/n/10 ),
 []


Underfull \hbox (badness 10000) in paragraph at lines 28--29
[]\T1/txtt/m/n/10 BOTTOM \T1/qtm/m/n/10 (\T1/qtm/m/it/10 ly-sis.util.constants.
BoundaryDirection at-
 []


Underfull \hbox (badness 10000) in paragraph at lines 37--39
[]\T1/txtt/m/n/10 CONFLICT_RESOLUTION \T1/qtm/m/n/10 (\T1/qtm/m/it/10 ly-
 []


Underfull \hbox (badness 10000) in paragraph at lines 37--39
\T1/qtm/m/it/10 sis.util.constants.RandomDraw at-tribute\T1/qtm/m/n/10 ),
 []


Underfull \hbox (badness 10000) in paragraph at lines 47--49
[]\T1/txtt/m/n/10 deg_rate_fibrin \T1/qtm/m/n/10 (\T1/qtm/m/it/10 ly-
 []


Underfull \hbox (badness 10000) in paragraph at lines 51--53
[]\T1/txtt/m/n/10 diffusion_coeff \T1/qtm/m/n/10 (\T1/qtm/m/it/10 ly-
 []


Underfull \hbox (badness 10000) in paragraph at lines 53--55
[]\T1/txtt/m/n/10 diss_const_PLG_intact \T1/qtm/m/n/10 (\T1/qtm/m/it/10 ly-
 []


Underfull \hbox (badness 10000) in paragraph at lines 55--57
[]\T1/txtt/m/n/10 diss_const_PLG_nicked \T1/qtm/m/n/10 (\T1/qtm/m/it/10 ly-
 []


Underfull \hbox (badness 10000) in paragraph at lines 57--59
[]\T1/txtt/m/n/10 diss_const_tPA_woPLG \T1/qtm/m/n/10 (\T1/qtm/m/it/10 ly-
 []


Underfull \hbox (badness 10000) in paragraph at lines 59--61
[]\T1/txtt/m/n/10 diss_const_tPA_wPLG \T1/qtm/m/n/10 (\T1/qtm/m/it/10 ly-
 []


Underfull \hbox (badness 10000) in paragraph at lines 62--64
[]\T1/txtt/m/n/10 duplicate_fortran \T1/qtm/m/n/10 (\T1/qtm/m/it/10 ly-
 []


Underfull \hbox (badness 10000) in paragraph at lines 67--69
[]\T1/txtt/m/n/10 empty_edges \T1/qtm/m/n/10 (\T1/qtm/m/it/10 ly-sis.util.param
eters.MacroParameters
 []


Underfull \hbox (badness 10000) in paragraph at lines 75--77
[]\T1/txtt/m/n/10 exposure_rate_binding_site \T1/qtm/m/n/10 (\T1/qtm/m/it/10 ly
-
 []


Underfull \hbox (badness 10000) in paragraph at lines 80--82
[]\T1/txtt/m/n/10 fiber_radius \T1/qtm/m/n/10 (\T1/qtm/m/it/10 ly-sis.util.para
meters.MicroParameters
 []

[23

]
Underfull \hbox (badness 10000) in paragraph at lines 85--87
[]\T1/txtt/m/n/10 fibrin_conc_per_fiber \T1/qtm/m/n/10 (\T1/qtm/m/it/10 ly-
 []


Underfull \hbox (badness 10000) in paragraph at lines 87--89
[]\T1/txtt/m/n/10 fibrinogen_length \T1/qtm/m/n/10 (\T1/qtm/m/it/10 ly-
 []


Underfull \hbox (badness 10000) in paragraph at lines 89--91
[]\T1/txtt/m/n/10 fibrinogen_radius \T1/qtm/m/n/10 (\T1/qtm/m/it/10 ly-
 []


Underfull \hbox (badness 10000) in paragraph at lines 93--95
[]\T1/txtt/m/n/10 fortran_names() \T1/qtm/m/n/10 (\T1/qtm/m/it/10 ly-
 []


Underfull \hbox (badness 10000) in paragraph at lines 93--95
\T1/qtm/m/it/10 sis.util.parameters.MacroParameters static
 []


Underfull \hbox (badness 10000) in paragraph at lines 95--97
[]\T1/txtt/m/n/10 fortran_names() \T1/qtm/m/n/10 (\T1/qtm/m/it/10 ly-
 []


Underfull \hbox (badness 10000) in paragraph at lines 95--97
\T1/qtm/m/it/10 sis.util.parameters.MicroParameters static
 []


Underfull \hbox (badness 10000) in paragraph at lines 98--100
[]\T1/txtt/m/n/10 full_row \T1/qtm/m/n/10 (\T1/qtm/m/it/10 ly-sis.util.paramete
rs.MacroParameters
 []


Underfull \hbox (badness 10000) in paragraph at lines 103--104
[]\T1/txtt/m/n/10 getstate() \T1/qtm/m/n/10 (\T1/qtm/m/it/10 ly-sis.util.kiss.K
issRandomGenerator
 []


Underfull \hbox (badness 10000) in paragraph at lines 109--111
[]\T1/txtt/m/n/10 initialize_macro_param() \T1/qtm/m/n/10 (\T1/qtm/m/it/10 ly-
 []


Underfull \hbox (badness 10000) in paragraph at lines 109--111
\T1/qtm/m/it/10 sis.util.parameters.Experiment method\T1/qtm/m/n/10 ),
 []


Underfull \hbox (badness 10000) in paragraph at lines 111--113
[]\T1/txtt/m/n/10 initialize_micro_param() \T1/qtm/m/n/10 (\T1/qtm/m/it/10 ly-
 []


Underfull \hbox (badness 10000) in paragraph at lines 111--113
\T1/qtm/m/it/10 sis.util.parameters.Experiment method\T1/qtm/m/n/10 ),
 []


Underfull \hbox (badness 10000) in paragraph at lines 116--117
[]\T1/txtt/m/n/10 integers() \T1/qtm/m/n/10 (\T1/qtm/m/it/10 ly-sis.util.kiss.K
issRandomGenerator
 []


Underfull \hbox (badness 10000) in paragraph at lines 127--129
[]\T1/txtt/m/n/10 load_from_disk() \T1/qtm/m/n/10 (\T1/qtm/m/it/10 ly-sis.util.
datastore.DataStore
 []


Underfull \hbox (badness 10000) in paragraph at lines 130--132
[]\T1/txtt/m/n/10 log_lvl \T1/qtm/m/n/10 (\T1/qtm/m/it/10 ly-sis.util.parameter
s.MacroParameters at-
 []


Underfull \hbox (badness 10000) in paragraph at lines 132--134
[]\T1/txtt/m/n/10 log_lvl \T1/qtm/m/n/10 (\T1/qtm/m/it/10 ly-sis.util.parameter
s.MicroParameters at-
 []


Underfull \hbox (badness 10000) in paragraph at lines 148--149
[]\T1/txtt/m/n/10 LYSIS_TIME \T1/qtm/m/n/10 (\T1/qtm/m/it/10 ly-sis.util.consta
nts.RandomDraw at-
 []


Underfull \hbox (badness 10000) in paragraph at lines 153--155
[]\T1/txtt/m/n/10 macro_params \T1/qtm/m/n/10 (\T1/qtm/m/it/10 ly-sis.util.para
meters.Experiment at-
 []


Underfull \hbox (badness 10000) in paragraph at lines 155--157
[]\T1/txtt/m/n/10 MACRO_POSTPROCESSING \T1/qtm/m/n/10 (\T1/qtm/m/it/10 ly-
 []


Underfull \hbox (badness 10000) in paragraph at lines 155--157
\T1/qtm/m/it/10 sis.util.constants.ExpComponent at-tribute\T1/qtm/m/n/10 ),
 []


Underfull \hbox (badness 10000) in paragraph at lines 161--163
[]\T1/txtt/m/n/10 MICRO_POSTPROCESSING \T1/qtm/m/n/10 (\T1/qtm/m/it/10 ly-
 []


Underfull \hbox (badness 10000) in paragraph at lines 161--163
\T1/qtm/m/it/10 sis.util.constants.ExpComponent at-tribute\T1/qtm/m/n/10 ),
 []


Underfull \hbox (badness 10000) in paragraph at lines 163--164
[]\T1/txtt/m/n/10 MICRO_UNBIND \T1/qtm/m/n/10 (\T1/qtm/m/it/10 ly-sis.util.cons
tants.RandomDraw at-
 []


Underfull \hbox (badness 10000) in paragraph at lines 176--178
[]\T1/txtt/m/n/10 moving_probability \T1/qtm/m/n/10 (\T1/qtm/m/it/10 ly-
 []

[24]
Underfull \hbox (badness 10000) in paragraph at lines 184--186
[]\T1/txtt/m/n/10 nodes_in_row \T1/qtm/m/n/10 (\T1/qtm/m/it/10 ly-sis.util.para
meters.MicroParameters
 []


Underfull \hbox (badness 10000) in paragraph at lines 188--190
[]\T1/txtt/m/n/10 number_of_saves \T1/qtm/m/n/10 (\T1/qtm/m/it/10 ly-
 []


Underfull \hbox (badness 10000) in paragraph at lines 195--197
[]\T1/txtt/m/n/10 output_data \T1/qtm/m/n/10 (\T1/qtm/m/it/10 ly-sis.util.param
eters.MacroParameters
 []


Underfull \hbox (badness 10000) in paragraph at lines 203--205
[]\T1/txtt/m/n/10 PERIODIC \T1/qtm/m/n/10 (\T1/qtm/m/it/10 ly-sis.util.constant
s.BoundaryCondition
 []


Underfull \hbox (badness 10000) in paragraph at lines 207--209
[]\T1/txtt/m/n/10 print_default_values() \T1/qtm/m/n/10 (\T1/qtm/m/it/10 ly-
 []


Underfull \hbox (badness 10000) in paragraph at lines 207--209
\T1/qtm/m/it/10 sis.util.parameters.MacroParameters static
 []


Underfull \hbox (badness 10000) in paragraph at lines 209--211
[]\T1/txtt/m/n/10 print_default_values() \T1/qtm/m/n/10 (\T1/qtm/m/it/10 ly-
 []


Underfull \hbox (badness 10000) in paragraph at lines 209--211
\T1/qtm/m/it/10 sis.util.parameters.MicroParameters static
 []


Underfull \hbox (badness 10000) in paragraph at lines 211--213
[]\T1/txtt/m/n/10 processing_library \T1/qtm/m/n/10 (\T1/qtm/m/it/10 ly-
 []


Underfull \hbox (badness 10000) in paragraph at lines 213--215
[]\T1/txtt/m/n/10 protein_per_fiber \T1/qtm/m/n/10 (\T1/qtm/m/it/10 ly-
 []


Underfull \hbox (badness 10000) in paragraph at lines 215--217
[]\T1/txtt/m/n/10 protofibril_radius \T1/qtm/m/n/10 (\T1/qtm/m/it/10 ly-
 []


Underfull \hbox (badness 10000) in paragraph at lines 235--236
[]\T1/txtt/m/n/10 save_to_disk() \T1/qtm/m/n/10 (\T1/qtm/m/it/10 ly-sis.util.da
tastore.DataStore
 []


Underfull \hbox (badness 10000) in paragraph at lines 240--241
[]\T1/txtt/m/n/10 setstate() \T1/qtm/m/n/10 (\T1/qtm/m/it/10 ly-sis.util.kiss.K
issRandomGenerator
 []


Underfull \hbox (badness 10000) in paragraph at lines 241--243
[]\T1/txtt/m/n/10 simulations \T1/qtm/m/n/10 (\T1/qtm/m/it/10 ly-sis.util.param
eters.MacroParameters
 []


Underfull \hbox (badness 10000) in paragraph at lines 245--247
[]\T1/txtt/m/n/10 snap_proportion \T1/qtm/m/n/10 (\T1/qtm/m/it/10 ly-
 []


Underfull \hbox (badness 10000) in paragraph at lines 258--260
[]\T1/txtt/m/n/10 total_edges \T1/qtm/m/n/10 (\T1/qtm/m/it/10 ly-sis.util.param
eters.MacroParameters
 []


Underfull \hbox (badness 10000) in paragraph at lines 260--262
[]\T1/txtt/m/n/10 total_fibers \T1/qtm/m/n/10 (\T1/qtm/m/it/10 ly-sis.util.para
meters.MacroParameters
 []


Underfull \hbox (badness 10000) in paragraph at lines 262--264
[]\T1/txtt/m/n/10 total_molecules \T1/qtm/m/n/10 (\T1/qtm/m/it/10 ly-
 []


Underfull \hbox (badness 10000) in paragraph at lines 266--268
[]\T1/txtt/m/n/10 total_time_steps \T1/qtm/m/n/10 (\T1/qtm/m/it/10 ly-
 []


Underfull \hbox (badness 10000) in paragraph at lines 271--273
[]\T1/txtt/m/n/10 unbind_rate_PLG_intact \T1/qtm/m/n/10 (\T1/qtm/m/it/10 ly-
 []


Underfull \hbox (badness 10000) in paragraph at lines 273--275
[]\T1/txtt/m/n/10 unbind_rate_PLG_nicked \T1/qtm/m/n/10 (\T1/qtm/m/it/10 ly-
 []

[25]
Underfull \hbox (badness 10000) in paragraph at lines 275--277
[]\T1/txtt/m/n/10 unbind_rate_PLi \T1/qtm/m/n/10 (\T1/qtm/m/it/10 ly-
 []


Underfull \hbox (badness 10000) in paragraph at lines 277--279
[]\T1/txtt/m/n/10 unbind_rate_tPA_woPLG \T1/qtm/m/n/10 (\T1/qtm/m/it/10 ly-
 []


Underfull \hbox (badness 10000) in paragraph at lines 279--281
[]\T1/txtt/m/n/10 unbind_rate_tPA_wPLG \T1/qtm/m/n/10 (\T1/qtm/m/it/10 ly-
 []


Underfull \hbox (badness 7522) in paragraph at lines 285--287
[]\T1/txtt/m/n/10 units() \T1/qtm/m/n/10 (\T1/qtm/m/it/10 ly-sis.util.parameter
s.MicroParameters static
 []


Underfull \hbox (badness 10000) in paragraph at lines 291--293
[]\T1/txtt/m/n/10 xz_row \T1/qtm/m/n/10 (\T1/qtm/m/it/10 ly-sis.util.parameters
.MacroParameters at-
 []

[26

]) (./lysis.aux)
Package rerunfilecheck Info: File `lysis.out' has not changed.
(rerunfilecheck)             Checksum: B654245807F6DB899EFC1CB9C3E0A710;2293.
 ) 
Here is how much of TeX's memory you used:
 18714 strings out of 479485
 319154 string characters out of 5861567
 627204 words of memory out of 5000000
 35127 multiletter control sequences out of 15000+600000
 595939 words of font info for 76 fonts, out of 8000000 for 9000
 1142 hyphenation exceptions out of 8191
 80i,12n,85p,3977b,743s stack positions out of 5000i,500n,10000p,200000b,80000s
{/opt/software/texlive/20200406-GCCcore-8.3.0/texmf-dist/fonts/enc/dvips/tex-
gyre/q-ec.enc}{/opt/software/texlive/20200406-GCCcore-8.3.0/texmf-dist/fonts/en
c/dvips/tex-gyre/q-ts1.enc}</opt/software/texlive/20200406-GCCcore-8.3.0/texmf-
dist/fonts/type1/public/amsfonts/cm/cmmi10.pfb></opt/software/texlive/20200406-
GCCcore-8.3.0/texmf-dist/fonts/type1/public/amsfonts/cm/cmmi7.pfb></opt/softwar
e/texlive/20200406-GCCcore-8.3.0/texmf-dist/fonts/type1/public/amsfonts/cm/cmsy
10.pfb></opt/software/texlive/20200406-GCCcore-8.3.0/texmf-dist/fonts/type1/pub
lic/tex-gyre/qhvb.pfb></opt/software/texlive/20200406-GCCcore-8.3.0/texmf-dist/
fonts/type1/public/tex-gyre/qhvr.pfb></opt/software/texlive/20200406-GCCcore-8.
3.0/texmf-dist/fonts/type1/public/tex-gyre/qtmb.pfb></opt/software/texlive/2020
0406-GCCcore-8.3.0/texmf-dist/fonts/type1/public/tex-gyre/qtmr.pfb></opt/softwa
re/texlive/20200406-GCCcore-8.3.0/texmf-dist/fonts/type1/public/tex-gyre/qtmri.
pfb></opt/software/texlive/20200406-GCCcore-8.3.0/texmf-dist/fonts/type1/public
/txfonts/t1xbtt.pfb></opt/software/texlive/20200406-GCCcore-8.3.0/texmf-dist/fo
nts/type1/public/txfonts/t1xtt.pfb></opt/software/texlive/20200406-GCCcore-8.3.
0/texmf-dist/fonts/type1/public/txfonts/t1xtt.pfb></opt/software/texlive/202004
06-GCCcore-8.3.0/texmf-dist/fonts/type1/public/txfonts/tcxbtt.pfb></opt/softwar
e/texlive/20200406-GCCcore-8.3.0/texmf-dist/fonts/type1/public/txfonts/tcxtt.pf
b>
Output written on lysis.pdf (30 pages, 233338 bytes).
PDF statistics:
 601 PDF objects out of 1000 (max. 8388607)
 545 compressed objects within 6 object streams
 182 named destinations out of 1000 (max. 500000)
 149 words of extra memory for PDF output out of 10000 (max. 10000000)

